[17:59:38] [ServerMain/INFO]: [bootstrap] Running Java 21 (OpenJDK 64-Bit Server VM 21.0.10+7-LTS; Eclipse Adoptium Temurin-21.0.10+7) on Windows 11 10.0 (amd64)
[17:59:38] [ServerMain/INFO]: [bootstrap] Loading Paper 1.21.11-132-ver/1.21.11@c5eb079 (2026-05-11T11:43:09Z) for Minecraft 1.21.11
[17:59:39] [ServerMain/INFO]: [PluginInitializerManager] Initializing plugins...
[17:59:39] [ServerMain/INFO]: [PluginInitializerManager] Initialized 3 plugins
[17:59:39] [ServerMain/INFO]: [PluginInitializerManager] Bukkit plugins (3):
 - Chunky (1.4.40), InvSeePlusPlus (0.31.13), Skript (2.15.2)
[17:59:45] [ServerMain/INFO]: Environment: Environment[sessionHost=https://sessionserver.mojang.com, servicesHost=https://api.minecraftservices.com, profilesHost=https://api.mojang.com, name=PROD]
[17:59:48] [ServerMain/INFO]: Loaded 1470 recipes
[17:59:48] [ServerMain/INFO]: Loaded 1584 advancements
[17:59:48] [ServerMain/INFO]: [ca.spottedleaf.dataconverter.minecraft.datatypes.MCTypeRegistry] Initialising converters for DataConverter...
[17:59:48] [ServerMain/INFO]: [ca.spottedleaf.dataconverter.minecraft.datatypes.MCTypeRegistry] Finished initialising converters for DataConverter in 400.3ms
[17:59:48] [Server thread/INFO]: Starting minecraft server version 1.21.11
[17:59:48] [Server thread/INFO]: Loading properties
[17:59:48] [Server thread/INFO]: This server is running Paper version 1.21.11-132-ver/1.21.11@c5eb079 (2026-05-11T11:43:09Z) (Implementing API version 1.21.11-R0.1-SNAPSHOT)
[17:59:48] [Server thread/INFO]: [spark] This server bundles the spark profiler. For more information please visit https://docs.papermc.io/paper/profiling
[17:59:48] [Server thread/INFO]: Server Ping Player Sample Count: 12
[17:59:48] [Server thread/INFO]: Using 4 threads for Netty based IO
[17:59:49] [Server thread/INFO]: [MoonriseCommon] Paper is using 4 worker threads, 1 I/O threads
[17:59:49] [Server thread/INFO]: Default game type: SURVIVAL
[17:59:49] [Server thread/INFO]: Generating keypair
[17:59:49] [Server thread/INFO]: Starting Minecraft server on *:25565
[17:59:50] [Server thread/INFO]: Paper: Using Java compression from Velocity.
[17:59:50] [Server thread/INFO]: Paper: Using Java cipher from Velocity.
[17:59:50] [Server thread/INFO]: [Skript] Loading server plugin Skript v2.15.2
[17:59:50] [Server thread/INFO]: [InvSee++] Loading server plugin InvSeePlusPlus v0.31.13
[17:59:50] [Server thread/INFO]: [Chunky] Loading server plugin Chunky v1.4.40
[17:59:50] [Server thread/INFO]: Server permissions file permissions.yml is empty, ignoring it
[17:59:50] [Server thread/WARN]: **** SERVER IS RUNNING IN OFFLINE/INSECURE MODE!
[17:59:50] [Server thread/WARN]: The server will make no attempt to authenticate usernames. Beware.
[17:59:50] [Server thread/WARN]: While this makes the game possible to play without internet access, it also opens up the ability for hackers to connect with any username they choose.
[17:59:50] [Server thread/WARN]: To change this, set "online-mode" to "true" in the server.properties file.
[17:59:50] [Server thread/INFO]: Preparing level "world"
[17:59:50] [Server thread/INFO]: Loading 0 persistent chunks for world 'minecraft:overworld'...
[17:59:50] [Server thread/INFO]: Prepared spawn area in 1 ms
[17:59:50] [Server thread/INFO]: Loading 0 persistent chunks for world 'minecraft:the_nether'...
[17:59:50] [Server thread/INFO]: Prepared spawn area in 1 ms
[17:59:50] [Server thread/INFO]: Loading 0 persistent chunks for world 'minecraft:the_end'...
[17:59:50] [Server thread/INFO]: Prepared spawn area in 0 ms
[17:59:50] [Server thread/INFO]: Done preparing level "world" (0.552s)
[17:59:50] [Server thread/INFO]: [Skript] Enabling Skript v2.15.2
[17:59:52] [ForkJoinPool.commonPool-worker-1/INFO]: [Skript] You're currently running the latest stable version of Skript.
[17:59:54] [Server thread/INFO]: [Skript]  ~ created by & © Peter Güttinger aka Njol ~
[17:59:54] [Server thread/INFO]: [InvSee++] Enabling InvSeePlusPlus v0.31.13
[17:59:54] [Server thread/INFO]: [InvSee++] Detected server software: Paper version 1.21.11
[17:59:54] [Server thread/INFO]: [Chunky] Enabling Chunky v1.4.40
[17:59:54] [Server thread/INFO]: [spark] Starting background profiler...
[17:59:54] [Server thread/INFO]: [spark] The async-profiler engine is not supported for your os/arch (windows11/amd64), so the built-in Java engine will be used instead.
[17:59:54] [Server thread/INFO]: Running delayed init tasks
[17:59:55] [User Authenticator #0/INFO]: UUID of player Player is a01e3843-e521-3998-958a-f459800e4d11
[17:59:55] [ForkJoinPool.commonPool-worker-1/INFO]: [Skript] Loaded 5684 aliases in 1232ms
[17:59:55] [Server thread/INFO]: [Skript] Loading variables...
[17:59:55] [Server thread/INFO]: [Skript] Loaded 2 variables in 0.0 seconds
[17:59:55] [Server thread/INFO]: [Skript] All scripts loaded without errors.
[17:59:55] [Server thread/INFO]: [Skript] Loaded 1 script with a total of 5 structures in 0.28 seconds
[17:59:55] [Server thread/INFO]: [Skript] Finished loading.
[17:59:55] [Server thread/INFO]: Done (17.949s)! For help, type "help"
[17:59:56] [Paper Async Task Handler Thread - 1/WARN]: *************************************************************************************
[17:59:56] [Paper Async Task Handler Thread - 1/WARN]: You are running the latest build for your Minecraft version (1.21.11)
[17:59:56] [Paper Async Task Handler Thread - 1/WARN]: However, you are 2 release(s) behind the latest stable release (26.1.2)!
[17:59:56] [Paper Async Task Handler Thread - 1/WARN]: It is recommended that you update as soon as possible
[17:59:56] [Paper Async Task Handler Thread - 1/WARN]: https://papermc.io/downloads/paper
[17:59:56] [Paper Async Task Handler Thread - 1/WARN]: *************************************************************************************
[17:59:57] [Server thread/INFO]: Player joined the game
[17:59:57] [Server thread/INFO]: Player[/26.58.29.113:51321] logged in with entity id 42 at ([world]172.19917745674488, 71.0, 86.30000001192093)
[18:00:00] [Server thread/INFO]: Player issued server command: /invsee
[18:00:02] [Server thread/INFO]: Player issued server command: /invsee choice_0013
[18:00:13] [Server thread/INFO]: Player issued server command: /invsee choice_0013
[18:00:21] [Server thread/INFO]: Player issued server command: /invsee choice_0013
[18:03:30] [Server thread/INFO]: Player has made the advancement [A Terrible Fortress]
[18:04:17] [Server thread/INFO]: Player has made the advancement [Not Today, Thank You]
[18:04:31] [Server thread/INFO]: Player has made the advancement [Into Fire]
[18:07:15] [Server thread/INFO]: Player issued server command: /home
[18:08:04] [Server thread/INFO]: Player lost connection: Disconnected
[18:08:04] [Server thread/INFO]: Player left the game
[18:23:05] [User Authenticator #1/INFO]: UUID of player Player is a01e3843-e521-3998-958a-f459800e4d11
[18:23:05] [Server thread/INFO]: Player joined the game
[18:23:05] [Server thread/INFO]: Player[/26.58.29.113:61766] logged in with entity id 3785 at ([world]169.3493889846369, 71.5875, 81.49640191538693)
[18:23:17] [Server thread/INFO]: Player lost connection: Disconnected
[18:23:17] [Server thread/INFO]: Player left the game
[18:23:19] [Server thread/INFO]: Unknown or incomplete command. See below for error
sto<--[HERE]
[18:23:21] [Server thread/INFO]: Stopping the server
[18:23:21] [Server thread/INFO]: Stopping server
[18:23:21] [Server thread/INFO]: [Chunky] Disabling Chunky v1.4.40
[18:23:21] [Server thread/INFO]: [InvSee++] Disabling InvSeePlusPlus v0.31.13
[18:23:21] [Server thread/INFO]: [Skript] Disabling Skript v2.15.2
[18:23:21] [Server thread/INFO]: Saving players
[18:23:21] [Server thread/INFO]: Saving worlds
[18:23:21] [Server thread/INFO]: Saving chunks for level 'ServerLevel[world]'/minecraft:overworld
[18:23:21] [Server thread/INFO]: [ChunkHolderManager] Waiting 60s for chunk system to halt for world 'world'
[18:23:21] [Server thread/INFO]: [ChunkHolderManager] Halted chunk system for world 'world'
[18:23:21] [Server thread/INFO]: [ChunkHolderManager] Saving all chunkholders for world 'world'
[18:23:22] [Server thread/INFO]: [ChunkHolderManager] Saved 1203 block chunks, 1203 entity chunks, 0 poi chunks in world 'world' in 0.83s
[18:23:22] [Server thread/INFO]: [ChunkHolderManager] Waiting 60s for chunk I/O to halt for world 'world'
[18:23:22] [Server thread/INFO]: [ChunkHolderManager] Halted I/O scheduler for world 'world'
[18:23:22] [Server thread/INFO]: Saving chunks for level 'ServerLevel[world_nether]'/minecraft:the_nether
[18:23:22] [Server thread/INFO]: [ChunkHolderManager] Waiting 60s for chunk system to halt for world 'world_nether'
[18:23:22] [Server thread/INFO]: [ChunkHolderManager] Halted chunk system for world 'world_nether'
[18:23:22] [Server thread/INFO]: [ChunkHolderManager] Saving all chunkholders for world 'world_nether'
[18:23:22] [Server thread/INFO]: [ChunkHolderManager] Saved 0 block chunks, 0 entity chunks, 0 poi chunks in world 'world_nether' in 0.08s
[18:23:22] [Server thread/INFO]: [ChunkHolderManager] Waiting 60s for chunk I/O to halt for world 'world_nether'
[18:23:22] [Server thread/INFO]: [ChunkHolderManager] Halted I/O scheduler for world 'world_nether'
[18:23:22] [Server thread/INFO]: Saving chunks for level 'ServerLevel[world_the_end]'/minecraft:the_end
[18:23:22] [Server thread/INFO]: [ChunkHolderManager] Waiting 60s for chunk system to halt for world 'world_the_end'
[18:23:22] [Server thread/INFO]: [ChunkHolderManager] Halted chunk system for world 'world_the_end'
[18:23:22] [Server thread/INFO]: [ChunkHolderManager] Saving all chunkholders for world 'world_the_end'
[18:23:22] [Server thread/INFO]: [ChunkHolderManager] Saved 0 block chunks, 0 entity chunks, 0 poi chunks in world 'world_the_end' in 0.00s
[18:23:22] [Server thread/INFO]: [ChunkHolderManager] Waiting 60s for chunk I/O to halt for world 'world_the_end'
[18:23:22] [Server thread/INFO]: [ChunkHolderManager] Halted I/O scheduler for world 'world_the_end'
[18:23:22] [Server thread/INFO]: ThreadedAnvilChunkStorage (world): All chunks are saved
[18:23:22] [Server thread/INFO]: ThreadedAnvilChunkStorage (DIM-1): All chunks are saved
[18:23:22] [Server thread/INFO]: ThreadedAnvilChunkStorage (DIM1): All chunks are saved
[18:23:22] [Server thread/INFO]: ThreadedAnvilChunkStorage: All dimensions are saved
[18:23:22] [Server thread/INFO]: Waiting for all RegionFile I/O tasks to complete...
[18:23:22] [Server thread/INFO]: All RegionFile I/O tasks to complete
[18:23:22] [Server thread/INFO]: [MoonriseCommon] Awaiting termination of worker pool for up to 60s...
[18:23:22] [Server thread/INFO]: [MoonriseCommon] Awaiting termination of I/O pool for up to 60s...
