[2026-05-26 20:37:17] [정보]:
Spectator UUID: a01e3843-e521-3998-958a-f459800e4d11
Spectator Name: Player
Taken         : [ENDER_PEARL x 16]
Given         : []
Target        : jake
[2026-05-26 20:37:25] [정보]:
Spectator UUID: a01e3843-e521-3998-958a-f459800e4d11
Spectator Name: Player
Taken         : [ENDER_PEARL x 1]
Given         : []
Target        : choice_0013
[2026-05-26 20:37:25] [정보]:
Spectator UUID: a01e3843-e521-3998-958a-f459800e4d11
Spectator Name: Player
Taken         : [ENDER_PEARL x 1]
Given         : []
Target        : choice_0013
[2026-05-26 20:37:25] [정보]:
Spectator UUID: a01e3843-e521-3998-958a-f459800e4d11
Spectator Name: Player
Taken         : [ENDER_PEARL x 1]
Given         : []
Target        : choice_0013
